c:\users\23tho\source\repos\shiina\shiina\x64\release\vc143.pdb
c:\users\23tho\source\repos\shiina\shiina\x64\release\shikimori.obj
c:\users\23tho\source\repos\shiina\shiina\x64\release\memory.obj
c:\users\23tho\source\repos\shiina\shiina\x64\release\events.obj
c:\users\23tho\source\repos\shiina\shiina\x64\release\communication.obj
c:\users\23tho\source\repos\shiina\x64\release\shiina\shiina.cat
c:\users\23tho\source\repos\shiina\x64\release\shiina.sys
c:\users\23tho\source\repos\shiina\x64\release\shiina.pdb
c:\users\23tho\source\repos\shiina\shiina\x64\release\shiina.inf
c:\users\23tho\source\repos\shiina\x64\release\shiina.cer
c:\users\23tho\source\repos\shiina\x64\release\shiina.inf
c:\users\23tho\source\repos\shiina\shiina\x64\release\shiina.tlog\cl.command.1.tlog
c:\users\23tho\source\repos\shiina\shiina\x64\release\shiina.tlog\cl.read.1.tlog
c:\users\23tho\source\repos\shiina\shiina\x64\release\shiina.tlog\cl.write.1.tlog
c:\users\23tho\source\repos\shiina\shiina\x64\release\shiina.tlog\inf2cat-expand.6476.read.1.tlog
c:\users\23tho\source\repos\shiina\shiina\x64\release\shiina.tlog\inf2cat-expand.6476.write.1.tlog
c:\users\23tho\source\repos\shiina\shiina\x64\release\shiina.tlog\inf2cat-expand.read.1.tlog
c:\users\23tho\source\repos\shiina\shiina\x64\release\shiina.tlog\inf2cat-expand.write.1.tlog
c:\users\23tho\source\repos\shiina\shiina\x64\release\shiina.tlog\inf2cat.command.1.tlog
c:\users\23tho\source\repos\shiina\shiina\x64\release\shiina.tlog\inf2cat.read.1.tlog
c:\users\23tho\source\repos\shiina\shiina\x64\release\shiina.tlog\inf2cat.write.1.tlog
c:\users\23tho\source\repos\shiina\shiina\x64\release\shiina.tlog\link.command.1.tlog
c:\users\23tho\source\repos\shiina\shiina\x64\release\shiina.tlog\link.read.1.tlog
c:\users\23tho\source\repos\shiina\shiina\x64\release\shiina.tlog\link.write.1.tlog
c:\users\23tho\source\repos\shiina\shiina\x64\release\shiina.tlog\signtool.command.1.tlog
c:\users\23tho\source\repos\shiina\shiina\x64\release\shiina.tlog\signtool.read.1.tlog
c:\users\23tho\source\repos\shiina\shiina\x64\release\shiina.tlog\signtool.timestamp.1.tlog
c:\users\23tho\source\repos\shiina\shiina\x64\release\shiina.tlog\signtool.write.1.tlog
c:\users\23tho\source\repos\shiina\shiina\x64\release\shiina.tlog\stampinf.command.1.tlog
c:\users\23tho\source\repos\shiina\shiina\x64\release\shiina.tlog\stampinf.read.1.tlog
c:\users\23tho\source\repos\shiina\shiina\x64\release\shiina.tlog\stampinf.write.1.tlog
